2024-06-05 15:27:55 INFO  GardenSimulationAPILogger - API called to handle parasite: Aphids
2024-06-05 15:28:01 INFO  GardenSimulationAPILogger - API called to handle parasite: Crow
2024-06-05 15:28:04 INFO  GardenSimulationAPILogger - API called rain with amount: 32
2024-06-05 15:28:07 INFO  GardenSimulationAPILogger - API called to handle parasite: Crow
2024-06-05 15:28:09 INFO  GardenSimulationAPILogger - API called temperature set to: 56
2024-06-05 15:28:13 INFO  GardenSimulationAPILogger - API called to handle parasite: Locust
2024-06-05 15:28:19 INFO  GardenSimulationAPILogger - API called rain with amount: 40
2024-06-05 15:28:19 INFO  GardenSimulationAPILogger - API called to handle parasite: Rat
2024-06-05 15:28:25 INFO  GardenSimulationAPILogger - API called to handle parasite: Crow
2024-06-05 15:28:29 INFO  GardenSimulationAPILogger - API called temperature set to: 45
2024-06-05 15:28:31 INFO  GardenSimulationAPILogger - API called to handle parasite: Slugs
2024-06-05 15:28:34 INFO  GardenSimulationAPILogger - API called rain with amount: 28
2024-06-05 15:28:37 INFO  GardenSimulationAPILogger - API called to handle parasite: Aphids
2024-06-05 15:28:43 INFO  GardenSimulationAPILogger - API called to handle parasite: Slugs
2024-06-05 15:28:49 INFO  GardenSimulationAPILogger - API called rain with amount: 46
2024-06-05 15:28:49 INFO  GardenSimulationAPILogger - API called temperature set to: 4
2024-06-05 15:28:49 INFO  GardenSimulationAPILogger - API called to handle parasite: Aphids
2024-06-05 15:28:55 INFO  GardenSimulationAPILogger - API called to handle parasite: Locust
2024-06-05 15:29:01 INFO  GardenSimulationAPILogger - API called to handle parasite: Locust
2024-06-05 15:29:04 INFO  GardenSimulationAPILogger - API called rain with amount: 8
2024-06-05 15:29:07 INFO  GardenSimulationAPILogger - API called to handle parasite: Aphids
2024-06-05 15:29:09 INFO  GardenSimulationAPILogger - API called temperature set to: 16
2024-06-05 15:29:13 INFO  GardenSimulationAPILogger - API called to handle parasite: Rat
2024-06-05 15:29:19 INFO  GardenSimulationAPILogger - API called rain with amount: 11
2024-06-05 15:29:19 INFO  GardenSimulationAPILogger - API called to handle parasite: Aphids
2024-06-05 15:29:25 INFO  GardenSimulationAPILogger - API called to handle parasite: Aphids
2024-06-05 15:29:29 INFO  GardenSimulationAPILogger - API called temperature set to: 44
2024-06-05 15:29:31 INFO  GardenSimulationAPILogger - API called to handle parasite: Aphids
2024-06-05 15:29:34 INFO  GardenSimulationAPILogger - API called rain with amount: 48
2024-06-05 15:29:37 INFO  GardenSimulationAPILogger - API called to handle parasite: Slugs
2024-06-05 15:29:43 INFO  GardenSimulationAPILogger - API called to handle parasite: Aphids
2024-06-05 15:29:49 INFO  GardenSimulationAPILogger - API called rain with amount: 1
2024-06-05 15:29:49 INFO  GardenSimulationAPILogger - API called temperature set to: 36
2024-06-05 15:29:49 INFO  GardenSimulationAPILogger - API called to handle parasite: Aphids
2024-06-05 15:29:58 INFO  GardenSimulationAPILogger - API called to handle parasite: Rat
2024-06-05 15:30:04 INFO  GardenSimulationAPILogger - API called to handle parasite: Aphids
2024-06-05 15:30:07 INFO  GardenSimulationAPILogger - API called rain with amount: 36
2024-06-05 15:30:10 INFO  GardenSimulationAPILogger - API called to handle parasite: Rat
2024-06-05 15:30:12 INFO  GardenSimulationAPILogger - API called temperature set to: 66
2024-06-05 15:30:16 INFO  GardenSimulationAPILogger - API called to handle parasite: Locust
2024-06-05 15:30:22 INFO  GardenSimulationAPILogger - API called rain with amount: 10
2024-06-05 15:30:22 INFO  GardenSimulationAPILogger - API called to handle parasite: Slugs
2024-06-05 15:30:28 INFO  GardenSimulationAPILogger - API called to handle parasite: Crow
2024-06-05 15:30:32 INFO  GardenSimulationAPILogger - API called temperature set to: 6
2024-06-05 15:30:34 INFO  GardenSimulationAPILogger - API called to handle parasite: Locust
2024-06-05 15:30:37 INFO  GardenSimulationAPILogger - API called rain with amount: 28
2024-06-05 15:30:40 INFO  GardenSimulationAPILogger - API called to handle parasite: Slugs
2024-06-05 15:30:46 INFO  GardenSimulationAPILogger - API called to handle parasite: Aphids
2024-06-05 15:30:52 INFO  GardenSimulationAPILogger - API called rain with amount: 9
2024-06-05 15:30:52 INFO  GardenSimulationAPILogger - API called temperature set to: 12
2024-06-05 15:30:52 INFO  GardenSimulationAPILogger - API called to handle parasite: Rat
2024-06-05 17:49:47 INFO  GardenSimulationAPILogger - API called to handle parasite: Crow
2024-06-05 17:49:53 INFO  GardenSimulationAPILogger - API called to handle parasite: Slugs
2024-06-05 17:49:56 INFO  GardenSimulationAPILogger - API called rain with amount: 19
2024-06-05 17:49:59 INFO  GardenSimulationAPILogger - API called to handle parasite: Rat
2024-06-05 17:50:01 INFO  GardenSimulationAPILogger - API called temperature set to: 51
2024-06-05 17:50:05 INFO  GardenSimulationAPILogger - API called to handle parasite: Rat
2024-06-05 17:50:11 INFO  GardenSimulationAPILogger - API called rain with amount: 16
2024-06-05 17:50:11 INFO  GardenSimulationAPILogger - API called to handle parasite: Rat
2024-06-05 17:50:17 INFO  GardenSimulationAPILogger - API called to handle parasite: Crow
2024-06-05 17:50:21 INFO  GardenSimulationAPILogger - API called temperature set to: 0
2024-06-05 17:50:23 INFO  GardenSimulationAPILogger - API called to handle parasite: Crow
2024-06-05 17:50:26 INFO  GardenSimulationAPILogger - API called rain with amount: 23
2024-06-05 17:50:29 INFO  GardenSimulationAPILogger - API called to handle parasite: Crow
2024-06-05 17:50:35 INFO  GardenSimulationAPILogger - API called to handle parasite: Rat
2024-06-05 17:50:41 INFO  GardenSimulationAPILogger - API called rain with amount: 47
2024-06-05 17:50:41 INFO  GardenSimulationAPILogger - API called temperature set to: 38
2024-06-05 17:50:41 INFO  GardenSimulationAPILogger - API called to handle parasite: Slugs
2024-06-05 17:50:47 INFO  GardenSimulationAPILogger - API called to handle parasite: Locust
2024-06-05 17:50:53 INFO  GardenSimulationAPILogger - API called to handle parasite: Aphids
2024-06-05 17:50:56 INFO  GardenSimulationAPILogger - API called rain with amount: 16
2024-06-05 17:50:59 INFO  GardenSimulationAPILogger - API called to handle parasite: Crow
2024-06-05 17:51:01 INFO  GardenSimulationAPILogger - API called temperature set to: 41
2024-06-05 17:51:05 INFO  GardenSimulationAPILogger - API called to handle parasite: Crow
2024-06-05 17:51:11 INFO  GardenSimulationAPILogger - API called rain with amount: 47
2024-06-05 17:51:11 INFO  GardenSimulationAPILogger - API called to handle parasite: Rat
2024-06-05 17:51:17 INFO  GardenSimulationAPILogger - API called to handle parasite: Rat
2024-06-05 17:51:21 INFO  GardenSimulationAPILogger - API called temperature set to: 59
2024-06-05 17:51:23 INFO  GardenSimulationAPILogger - API called to handle parasite: Rat
2024-06-05 17:51:26 INFO  GardenSimulationAPILogger - API called rain with amount: 47
2024-06-05 17:51:29 INFO  GardenSimulationAPILogger - API called to handle parasite: Locust
2024-06-05 17:51:43 INFO  GardenSimulationAPILogger - API called to handle parasite: Crow
2024-06-05 17:51:49 INFO  GardenSimulationAPILogger - API called to handle parasite: Slugs
2024-06-05 17:51:52 INFO  GardenSimulationAPILogger - API called rain with amount: 44
2024-06-05 17:51:55 INFO  GardenSimulationAPILogger - API called to handle parasite: Locust
2024-06-05 17:51:57 INFO  GardenSimulationAPILogger - API called temperature set to: 35
2024-06-05 17:52:01 INFO  GardenSimulationAPILogger - API called to handle parasite: Slugs
2024-06-05 17:52:07 INFO  GardenSimulationAPILogger - API called rain with amount: 20
2024-06-05 17:52:07 INFO  GardenSimulationAPILogger - API called to handle parasite: Aphids
2024-06-05 17:52:13 INFO  GardenSimulationAPILogger - API called to handle parasite: Crow
2024-06-05 17:52:17 INFO  GardenSimulationAPILogger - API called temperature set to: 42
2024-06-05 17:52:19 INFO  GardenSimulationAPILogger - API called to handle parasite: Slugs
2024-06-05 17:52:22 INFO  GardenSimulationAPILogger - API called rain with amount: 11
2024-06-05 17:52:25 INFO  GardenSimulationAPILogger - API called to handle parasite: Locust
2024-06-05 17:52:31 INFO  GardenSimulationAPILogger - API called to handle parasite: Locust
2024-06-05 17:52:37 INFO  GardenSimulationAPILogger - API called rain with amount: 26
2024-06-05 17:52:37 INFO  GardenSimulationAPILogger - API called temperature set to: 28
2024-06-05 17:52:37 INFO  GardenSimulationAPILogger - API called to handle parasite: Slugs
2024-06-05 17:52:43 INFO  GardenSimulationAPILogger - API called to handle parasite: Slugs
2024-06-05 17:52:49 INFO  GardenSimulationAPILogger - API called to handle parasite: Slugs
2024-06-05 17:52:52 INFO  GardenSimulationAPILogger - API called rain with amount: 14
2024-06-05 17:52:55 INFO  GardenSimulationAPILogger - API called to handle parasite: Locust
2024-06-05 17:52:57 INFO  GardenSimulationAPILogger - API called temperature set to: 36
2024-06-05 17:53:01 INFO  GardenSimulationAPILogger - API called to handle parasite: Locust
2024-06-05 17:53:07 INFO  GardenSimulationAPILogger - API called rain with amount: 30
2024-06-05 17:53:07 INFO  GardenSimulationAPILogger - API called to handle parasite: Crow
2024-06-05 17:53:13 INFO  GardenSimulationAPILogger - API called to handle parasite: Rat
2024-06-05 17:53:17 INFO  GardenSimulationAPILogger - API called temperature set to: 20
2024-06-05 17:53:19 INFO  GardenSimulationAPILogger - API called to handle parasite: Slugs
2024-06-05 17:53:22 INFO  GardenSimulationAPILogger - API called rain with amount: 18
2024-06-05 17:53:25 INFO  GardenSimulationAPILogger - API called to handle parasite: Rat
2024-06-05 17:53:31 INFO  GardenSimulationAPILogger - API called to handle parasite: Locust
2024-06-05 17:53:37 INFO  GardenSimulationAPILogger - API called rain with amount: 24
2024-06-05 17:53:37 INFO  GardenSimulationAPILogger - API called temperature set to: 50
2024-06-05 17:53:37 INFO  GardenSimulationAPILogger - API called to handle parasite: Aphids
2024-06-05 17:53:43 INFO  GardenSimulationAPILogger - API called to handle parasite: Slugs
2024-06-05 17:53:49 INFO  GardenSimulationAPILogger - API called to handle parasite: Locust
2024-06-05 17:53:52 INFO  GardenSimulationAPILogger - API called rain with amount: 21
2024-06-05 17:53:55 INFO  GardenSimulationAPILogger - API called to handle parasite: Aphids
2024-06-05 17:53:57 INFO  GardenSimulationAPILogger - API called temperature set to: 7
2024-06-05 17:54:01 INFO  GardenSimulationAPILogger - API called to handle parasite: Rat
2024-06-05 17:54:07 INFO  GardenSimulationAPILogger - API called rain with amount: 43
2024-06-05 17:54:07 INFO  GardenSimulationAPILogger - API called to handle parasite: Aphids
2024-06-05 17:54:13 INFO  GardenSimulationAPILogger - API called to handle parasite: Aphids
2024-06-05 17:54:17 INFO  GardenSimulationAPILogger - API called temperature set to: 47
2024-06-05 17:54:19 INFO  GardenSimulationAPILogger - API called to handle parasite: Rat
2024-06-05 17:54:22 INFO  GardenSimulationAPILogger - API called rain with amount: 29
2024-06-05 17:54:25 INFO  GardenSimulationAPILogger - API called to handle parasite: Slugs
2024-06-05 17:54:31 INFO  GardenSimulationAPILogger - API called to handle parasite: Slugs
2024-06-05 17:54:37 INFO  GardenSimulationAPILogger - API called rain with amount: 41
2024-06-05 17:54:37 INFO  GardenSimulationAPILogger - API called temperature set to: 41
2024-06-05 17:54:37 INFO  GardenSimulationAPILogger - API called to handle parasite: Locust
2024-06-05 17:54:43 INFO  GardenSimulationAPILogger - API called to handle parasite: Locust
2024-06-05 17:54:49 INFO  GardenSimulationAPILogger - API called to handle parasite: Rat
2024-06-05 17:54:52 INFO  GardenSimulationAPILogger - API called rain with amount: 13
2024-06-05 17:54:55 INFO  GardenSimulationAPILogger - API called to handle parasite: Aphids
2024-06-05 17:54:57 INFO  GardenSimulationAPILogger - API called temperature set to: 24
2024-06-05 17:55:01 INFO  GardenSimulationAPILogger - API called to handle parasite: Slugs
2024-06-05 17:55:07 INFO  GardenSimulationAPILogger - API called rain with amount: 15
2024-06-05 17:55:07 INFO  GardenSimulationAPILogger - API called to handle parasite: Rat
2024-06-05 17:55:13 INFO  GardenSimulationAPILogger - API called to handle parasite: Rat
2024-06-05 17:55:17 INFO  GardenSimulationAPILogger - API called temperature set to: 58
2024-06-05 17:55:19 INFO  GardenSimulationAPILogger - API called to handle parasite: Rat
2024-06-05 17:55:22 INFO  GardenSimulationAPILogger - API called rain with amount: 22
2024-06-05 17:55:25 INFO  GardenSimulationAPILogger - API called to handle parasite: Aphids
2024-06-05 17:55:31 INFO  GardenSimulationAPILogger - API called to handle parasite: Aphids
2024-06-05 17:55:37 INFO  GardenSimulationAPILogger - API called rain with amount: 20
2024-06-05 17:55:37 INFO  GardenSimulationAPILogger - API called temperature set to: 20
2024-06-05 17:55:37 INFO  GardenSimulationAPILogger - API called to handle parasite: Rat
2024-06-05 17:55:43 INFO  GardenSimulationAPILogger - API called to handle parasite: Rat
2024-06-05 17:55:49 INFO  GardenSimulationAPILogger - API called to handle parasite: Locust
2024-06-05 17:55:52 INFO  GardenSimulationAPILogger - API called rain with amount: 2
2024-06-05 17:55:55 INFO  GardenSimulationAPILogger - API called to handle parasite: Aphids
2024-06-05 18:02:49 INFO  GardenSimulationAPILogger - API called to handle parasite: Slugs
2024-06-05 18:02:55 INFO  GardenSimulationAPILogger - API called to handle parasite: Locust
2024-06-05 18:02:58 INFO  GardenSimulationAPILogger - API called rain with amount: 47
2024-06-05 18:03:01 INFO  GardenSimulationAPILogger - API called to handle parasite: Rat
2024-06-05 18:03:03 INFO  GardenSimulationAPILogger - API called temperature set to: 60
2024-06-05 18:03:07 INFO  GardenSimulationAPILogger - API called to handle parasite: Slugs
2024-06-05 18:03:13 INFO  GardenSimulationAPILogger - API called rain with amount: 2
2024-06-05 18:03:13 INFO  GardenSimulationAPILogger - API called to handle parasite: Rat
