2024-06-11 00:32:54 INFO  TemperatureSystemLogger - Temperature System Initialized
2024-06-11 00:32:54 INFO  TemperatureSystemLogger - All Levels are optimal
2024-06-11 00:33:14 INFO  TemperatureSystemLogger - All Levels are optimal
2024-06-11 00:33:14 INFO  TemperatureSystemLogger - API called temperature set to: 29
2024-06-11 00:33:14 INFO  TemperatureSystemLogger - Temperature system heated Oak at position (0, 1) by 36 degrees F.
2024-06-11 00:33:14 INFO  TemperatureSystemLogger - Temperature system heated Maple at position (0, 5) by 31 degrees F.
2024-06-11 00:33:14 INFO  TemperatureSystemLogger - Temperature system heated Pine at position (0, 7) by 21 degrees F.
2024-06-11 00:33:14 INFO  TemperatureSystemLogger - Temperature system heated Lettuce at position (1, 0) by 31 degrees F.
2024-06-11 00:33:14 INFO  TemperatureSystemLogger - Temperature system heated Tomato at position (1, 6) by 46 degrees F.
2024-06-11 00:33:14 INFO  TemperatureSystemLogger - Temperature system heated Carrot at position (2, 2) by 31 degrees F.
2024-06-11 00:33:14 INFO  TemperatureSystemLogger - Temperature system heated Tomato at position (3, 0) by 46 degrees F.
2024-06-11 00:33:14 INFO  TemperatureSystemLogger - Temperature system heated Sunflower at position (3, 1) by 41 degrees F.
2024-06-11 00:33:14 INFO  TemperatureSystemLogger - Temperature system heated Rose at position (4, 4) by 36 degrees F.
2024-06-11 00:33:14 INFO  TemperatureSystemLogger - Temperature system heated Jasmine at position (4, 7) by 36 degrees F.
2024-06-11 00:33:14 INFO  TemperatureSystemLogger - Temperature system heated Sunflower at position (5, 3) by 41 degrees F.
2024-06-11 00:33:14 INFO  TemperatureSystemLogger - Temperature system heated Oak at position (5, 6) by 36 degrees F.
2024-06-11 00:33:34 INFO  TemperatureSystemLogger - All Levels are optimal
2024-06-11 00:33:34 INFO  TemperatureSystemLogger - API called temperature set to: 24
2024-06-11 00:33:34 INFO  TemperatureSystemLogger - Temperature system heated Oak at position (0, 1) by 41 degrees F.
2024-06-11 00:33:34 INFO  TemperatureSystemLogger - Temperature system heated Maple at position (0, 5) by 36 degrees F.
2024-06-11 00:33:34 INFO  TemperatureSystemLogger - Temperature system heated Pine at position (0, 7) by 26 degrees F.
2024-06-11 00:33:34 INFO  TemperatureSystemLogger - Temperature system heated Lettuce at position (1, 0) by 36 degrees F.
2024-06-11 00:33:34 INFO  TemperatureSystemLogger - Temperature system heated Tomato at position (1, 6) by 51 degrees F.
2024-06-11 00:33:34 INFO  TemperatureSystemLogger - Temperature system heated Carrot at position (2, 2) by 36 degrees F.
2024-06-11 00:33:34 INFO  TemperatureSystemLogger - Temperature system heated Tomato at position (3, 0) by 51 degrees F.
2024-06-11 00:33:34 INFO  TemperatureSystemLogger - Temperature system heated Sunflower at position (3, 1) by 46 degrees F.
2024-06-11 00:33:34 INFO  TemperatureSystemLogger - Temperature system heated Rose at position (4, 4) by 41 degrees F.
2024-06-11 00:33:34 INFO  TemperatureSystemLogger - Temperature system heated Jasmine at position (4, 7) by 41 degrees F.
2024-06-11 00:33:34 INFO  TemperatureSystemLogger - Temperature system heated Sunflower at position (5, 3) by 46 degrees F.
2024-06-11 00:33:34 INFO  TemperatureSystemLogger - Temperature system heated Oak at position (5, 6) by 41 degrees F.
2024-06-11 00:33:54 INFO  TemperatureSystemLogger - API called temperature set to: 24
2024-06-11 00:33:54 INFO  TemperatureSystemLogger - All Levels are optimal
2024-06-11 00:33:54 INFO  TemperatureSystemLogger - Temperature system heated Oak at position (0, 1) by 41 degrees F.
2024-06-11 00:33:54 INFO  TemperatureSystemLogger - Temperature system heated Maple at position (0, 5) by 36 degrees F.
2024-06-11 00:33:54 INFO  TemperatureSystemLogger - Temperature system heated Pine at position (0, 7) by 26 degrees F.
2024-06-11 00:33:54 INFO  TemperatureSystemLogger - Temperature system heated Lettuce at position (1, 0) by 36 degrees F.
2024-06-11 00:33:54 INFO  TemperatureSystemLogger - Temperature system heated Tomato at position (1, 6) by 51 degrees F.
2024-06-11 00:33:54 INFO  TemperatureSystemLogger - Temperature system heated Carrot at position (2, 2) by 36 degrees F.
2024-06-11 00:33:54 INFO  TemperatureSystemLogger - Temperature system heated Tomato at position (3, 0) by 51 degrees F.
2024-06-11 00:33:54 INFO  TemperatureSystemLogger - Temperature system heated Sunflower at position (3, 1) by 46 degrees F.
2024-06-11 00:33:54 INFO  TemperatureSystemLogger - Temperature system heated Rose at position (4, 4) by 41 degrees F.
2024-06-11 00:33:54 INFO  TemperatureSystemLogger - Temperature system heated Jasmine at position (4, 7) by 41 degrees F.
2024-06-11 00:33:54 INFO  TemperatureSystemLogger - Temperature system heated Sunflower at position (5, 3) by 46 degrees F.
2024-06-11 00:33:54 INFO  TemperatureSystemLogger - Temperature system heated Oak at position (5, 6) by 41 degrees F.
2024-06-11 00:34:14 INFO  TemperatureSystemLogger - API called temperature set to: 49
2024-06-11 00:34:14 INFO  TemperatureSystemLogger - Temperature system heated Oak at position (0, 1) by 16 degrees F.
2024-06-11 00:34:14 INFO  TemperatureSystemLogger - Temperature system heated Maple at position (0, 5) by 11 degrees F.
2024-06-11 00:34:14 INFO  TemperatureSystemLogger - Temperature system heated Pine at position (0, 7) by 1 degrees F.
2024-06-11 00:34:14 INFO  TemperatureSystemLogger - Temperature system heated Lettuce at position (1, 0) by 11 degrees F.
2024-06-11 00:34:14 INFO  TemperatureSystemLogger - Temperature system heated Tomato at position (1, 6) by 26 degrees F.
2024-06-11 00:34:14 INFO  TemperatureSystemLogger - Temperature system heated Carrot at position (2, 2) by 11 degrees F.
2024-06-11 00:34:14 INFO  TemperatureSystemLogger - Temperature system heated Tomato at position (3, 0) by 26 degrees F.
2024-06-11 00:34:14 INFO  TemperatureSystemLogger - Temperature system heated Sunflower at position (3, 1) by 21 degrees F.
2024-06-11 00:34:14 INFO  TemperatureSystemLogger - Temperature system heated Rose at position (4, 4) by 16 degrees F.
2024-06-11 00:34:14 INFO  TemperatureSystemLogger - Temperature system heated Jasmine at position (4, 7) by 16 degrees F.
2024-06-11 00:34:14 INFO  TemperatureSystemLogger - Temperature system heated Sunflower at position (5, 3) by 21 degrees F.
2024-06-11 00:34:14 INFO  TemperatureSystemLogger - Temperature system heated Oak at position (5, 6) by 16 degrees F.
2024-06-11 00:34:14 INFO  TemperatureSystemLogger - All Levels are optimal
2024-06-11 00:34:34 INFO  TemperatureSystemLogger - API called temperature set to: 63
2024-06-11 00:34:34 INFO  TemperatureSystemLogger - Temperature system heated Oak at position (0, 1) by 2 degrees F.
2024-06-11 00:34:34 INFO  TemperatureSystemLogger - Temperature system cooled Maple at position (0, 5) by 3 degrees F.
2024-06-11 00:34:34 INFO  TemperatureSystemLogger - Temperature system cooled Pine at position (0, 7) by 13 degrees F.
2024-06-11 00:34:34 INFO  TemperatureSystemLogger - Temperature system cooled Lettuce at position (1, 0) by 3 degrees F.
2024-06-11 00:34:34 INFO  TemperatureSystemLogger - Temperature system heated Tomato at position (1, 6) by 12 degrees F.
2024-06-11 00:34:34 INFO  TemperatureSystemLogger - Temperature system cooled Carrot at position (2, 2) by 3 degrees F.
2024-06-11 00:34:34 INFO  TemperatureSystemLogger - Temperature system heated Tomato at position (3, 0) by 12 degrees F.
2024-06-11 00:34:34 INFO  TemperatureSystemLogger - Temperature system heated Sunflower at position (3, 1) by 7 degrees F.
2024-06-11 00:34:34 INFO  TemperatureSystemLogger - Temperature system heated Rose at position (4, 4) by 2 degrees F.
2024-06-11 00:34:34 INFO  TemperatureSystemLogger - Temperature system heated Jasmine at position (4, 7) by 2 degrees F.
2024-06-11 00:34:34 INFO  TemperatureSystemLogger - Temperature system heated Sunflower at position (5, 3) by 7 degrees F.
2024-06-11 00:34:34 INFO  TemperatureSystemLogger - Temperature system heated Oak at position (5, 6) by 2 degrees F.
2024-06-11 00:34:34 INFO  TemperatureSystemLogger - All Levels are optimal
2024-06-11 00:34:54 INFO  TemperatureSystemLogger - All Levels are optimal
2024-06-11 00:34:54 INFO  TemperatureSystemLogger - API called temperature set to: 11
2024-06-11 00:34:54 INFO  TemperatureSystemLogger - Temperature system heated Oak at position (0, 1) by 54 degrees F.
2024-06-11 00:34:54 INFO  TemperatureSystemLogger - Temperature system heated Maple at position (0, 5) by 49 degrees F.
2024-06-11 00:34:54 INFO  TemperatureSystemLogger - Temperature system heated Pine at position (0, 7) by 39 degrees F.
2024-06-11 00:34:54 INFO  TemperatureSystemLogger - Temperature system heated Lettuce at position (1, 0) by 49 degrees F.
2024-06-11 00:34:54 INFO  TemperatureSystemLogger - Temperature system heated Tomato at position (1, 6) by 64 degrees F.
2024-06-11 00:34:54 INFO  TemperatureSystemLogger - Temperature system heated Carrot at position (2, 2) by 49 degrees F.
2024-06-11 00:34:54 INFO  TemperatureSystemLogger - Temperature system heated Tomato at position (3, 0) by 64 degrees F.
2024-06-11 00:34:54 INFO  TemperatureSystemLogger - Temperature system heated Sunflower at position (3, 1) by 59 degrees F.
2024-06-11 00:34:54 INFO  TemperatureSystemLogger - Temperature system heated Rose at position (4, 4) by 54 degrees F.
2024-06-11 00:34:54 INFO  TemperatureSystemLogger - Temperature system heated Jasmine at position (4, 7) by 54 degrees F.
2024-06-11 00:34:54 INFO  TemperatureSystemLogger - Temperature system heated Sunflower at position (5, 3) by 59 degrees F.
2024-06-11 00:34:54 INFO  TemperatureSystemLogger - Temperature system heated Oak at position (5, 6) by 54 degrees F.
2024-06-11 00:35:14 INFO  TemperatureSystemLogger - API called temperature set to: 38
2024-06-11 00:35:14 INFO  TemperatureSystemLogger - Temperature system heated Oak at position (0, 1) by 27 degrees F.
2024-06-11 00:35:14 INFO  TemperatureSystemLogger - Temperature system heated Maple at position (0, 5) by 22 degrees F.
2024-06-11 00:35:14 INFO  TemperatureSystemLogger - Temperature system heated Pine at position (0, 7) by 12 degrees F.
2024-06-11 00:35:14 INFO  TemperatureSystemLogger - Temperature system heated Lettuce at position (1, 0) by 22 degrees F.
2024-06-11 00:35:14 INFO  TemperatureSystemLogger - Temperature system heated Tomato at position (1, 6) by 37 degrees F.
2024-06-11 00:35:14 INFO  TemperatureSystemLogger - Temperature system heated Carrot at position (2, 2) by 22 degrees F.
2024-06-11 00:35:14 INFO  TemperatureSystemLogger - Temperature system heated Tomato at position (3, 0) by 37 degrees F.
2024-06-11 00:35:14 INFO  TemperatureSystemLogger - Temperature system heated Sunflower at position (3, 1) by 32 degrees F.
2024-06-11 00:35:14 INFO  TemperatureSystemLogger - Temperature system heated Rose at position (4, 4) by 27 degrees F.
2024-06-11 00:35:14 INFO  TemperatureSystemLogger - Temperature system heated Jasmine at position (4, 7) by 27 degrees F.
2024-06-11 00:35:14 INFO  TemperatureSystemLogger - Temperature system heated Sunflower at position (5, 3) by 32 degrees F.
2024-06-11 00:35:14 INFO  TemperatureSystemLogger - Temperature system heated Oak at position (5, 6) by 27 degrees F.
2024-06-11 00:35:14 INFO  TemperatureSystemLogger - All Levels are optimal
2024-06-11 00:35:34 INFO  TemperatureSystemLogger - API called temperature set to: 26
2024-06-11 00:35:34 INFO  TemperatureSystemLogger - Temperature system heated Oak at position (0, 1) by 39 degrees F.
2024-06-11 00:35:34 INFO  TemperatureSystemLogger - Temperature system heated Maple at position (0, 5) by 34 degrees F.
2024-06-11 00:35:34 INFO  TemperatureSystemLogger - Temperature system heated Pine at position (0, 7) by 24 degrees F.
2024-06-11 00:35:34 INFO  TemperatureSystemLogger - Temperature system heated Lettuce at position (1, 0) by 34 degrees F.
2024-06-11 00:35:34 INFO  TemperatureSystemLogger - Temperature system heated Tomato at position (1, 6) by 49 degrees F.
2024-06-11 00:35:34 INFO  TemperatureSystemLogger - Temperature system heated Carrot at position (2, 2) by 34 degrees F.
2024-06-11 00:35:34 INFO  TemperatureSystemLogger - Temperature system heated Tomato at position (3, 0) by 49 degrees F.
2024-06-11 00:35:34 INFO  TemperatureSystemLogger - Temperature system heated Sunflower at position (3, 1) by 44 degrees F.
2024-06-11 00:35:34 INFO  TemperatureSystemLogger - Temperature system heated Rose at position (4, 4) by 39 degrees F.
2024-06-11 00:35:34 INFO  TemperatureSystemLogger - Temperature system heated Jasmine at position (4, 7) by 39 degrees F.
2024-06-11 00:35:34 INFO  TemperatureSystemLogger - Temperature system heated Sunflower at position (5, 3) by 44 degrees F.
2024-06-11 00:35:34 INFO  TemperatureSystemLogger - Temperature system heated Oak at position (5, 6) by 39 degrees F.
2024-06-11 00:35:34 INFO  TemperatureSystemLogger - All Levels are optimal
2024-06-11 00:45:36 INFO  TemperatureSystemLogger - Temperature System Initialized
2024-06-11 00:45:36 INFO  TemperatureSystemLogger - All Levels are optimal
2024-06-11 00:45:56 INFO  TemperatureSystemLogger - All Levels are optimal
2024-06-11 00:45:56 INFO  TemperatureSystemLogger - API called temperature set to: 45
2024-06-11 00:45:56 INFO  TemperatureSystemLogger - Temperature system heated Oak at position (0, 1) by 20 degrees F.
2024-06-11 00:45:56 INFO  TemperatureSystemLogger - Temperature system heated Maple at position (0, 5) by 15 degrees F.
2024-06-11 00:45:56 INFO  TemperatureSystemLogger - Temperature system heated Pine at position (0, 7) by 5 degrees F.
2024-06-11 00:45:56 INFO  TemperatureSystemLogger - Temperature system heated Lettuce at position (1, 0) by 15 degrees F.
2024-06-11 00:45:56 INFO  TemperatureSystemLogger - Temperature system heated Tomato at position (1, 6) by 30 degrees F.
2024-06-11 00:45:56 INFO  TemperatureSystemLogger - Temperature system heated Carrot at position (2, 2) by 15 degrees F.
2024-06-11 00:45:56 INFO  TemperatureSystemLogger - Temperature system heated Tomato at position (3, 0) by 30 degrees F.
2024-06-11 00:45:56 INFO  TemperatureSystemLogger - Temperature system heated Sunflower at position (3, 1) by 25 degrees F.
2024-06-11 00:45:56 INFO  TemperatureSystemLogger - Temperature system heated Rose at position (4, 4) by 20 degrees F.
2024-06-11 00:45:56 INFO  TemperatureSystemLogger - Temperature system heated Jasmine at position (4, 7) by 20 degrees F.
2024-06-11 00:45:56 INFO  TemperatureSystemLogger - Temperature system heated Sunflower at position (5, 3) by 25 degrees F.
2024-06-11 00:45:56 INFO  TemperatureSystemLogger - Temperature system heated Oak at position (5, 6) by 20 degrees F.
2024-06-11 00:46:16 INFO  TemperatureSystemLogger - API called temperature set to: 42
2024-06-11 00:46:16 INFO  TemperatureSystemLogger - Temperature system heated Oak at position (0, 1) by 23 degrees F.
2024-06-11 00:46:16 INFO  TemperatureSystemLogger - Temperature system heated Maple at position (0, 5) by 18 degrees F.
2024-06-11 00:46:16 INFO  TemperatureSystemLogger - Temperature system heated Pine at position (0, 7) by 8 degrees F.
2024-06-11 00:46:16 INFO  TemperatureSystemLogger - Temperature system heated Lettuce at position (1, 0) by 18 degrees F.
2024-06-11 00:46:16 INFO  TemperatureSystemLogger - Temperature system heated Tomato at position (1, 6) by 33 degrees F.
2024-06-11 00:46:16 INFO  TemperatureSystemLogger - Temperature system heated Carrot at position (2, 2) by 18 degrees F.
2024-06-11 00:46:16 INFO  TemperatureSystemLogger - Temperature system heated Tomato at position (3, 0) by 33 degrees F.
2024-06-11 00:46:16 INFO  TemperatureSystemLogger - Temperature system heated Sunflower at position (3, 1) by 28 degrees F.
2024-06-11 00:46:16 INFO  TemperatureSystemLogger - Temperature system heated Rose at position (4, 4) by 23 degrees F.
2024-06-11 00:46:16 INFO  TemperatureSystemLogger - Temperature system heated Jasmine at position (4, 7) by 23 degrees F.
2024-06-11 00:46:16 INFO  TemperatureSystemLogger - Temperature system heated Sunflower at position (5, 3) by 28 degrees F.
2024-06-11 00:46:16 INFO  TemperatureSystemLogger - Temperature system heated Oak at position (5, 6) by 23 degrees F.
2024-06-11 00:46:16 INFO  TemperatureSystemLogger - All Levels are optimal
2024-06-11 00:46:36 INFO  TemperatureSystemLogger - All Levels are optimal
2024-06-11 00:46:36 INFO  TemperatureSystemLogger - API called temperature set to: 14
2024-06-11 00:46:36 INFO  TemperatureSystemLogger - Temperature system heated Oak at position (0, 1) by 51 degrees F.
2024-06-11 00:46:36 INFO  TemperatureSystemLogger - Temperature system heated Maple at position (0, 5) by 46 degrees F.
2024-06-11 00:46:36 INFO  TemperatureSystemLogger - Temperature system heated Pine at position (0, 7) by 36 degrees F.
2024-06-11 00:46:36 INFO  TemperatureSystemLogger - Temperature system heated Lettuce at position (1, 0) by 46 degrees F.
2024-06-11 00:46:36 INFO  TemperatureSystemLogger - Temperature system heated Tomato at position (1, 6) by 61 degrees F.
2024-06-11 00:46:36 INFO  TemperatureSystemLogger - Temperature system heated Carrot at position (2, 2) by 46 degrees F.
2024-06-11 00:46:36 INFO  TemperatureSystemLogger - Temperature system heated Tomato at position (3, 0) by 61 degrees F.
2024-06-11 00:46:36 INFO  TemperatureSystemLogger - Temperature system heated Sunflower at position (3, 1) by 56 degrees F.
2024-06-11 00:46:36 INFO  TemperatureSystemLogger - Temperature system heated Rose at position (4, 4) by 51 degrees F.
2024-06-11 00:46:36 INFO  TemperatureSystemLogger - Temperature system heated Jasmine at position (4, 7) by 51 degrees F.
2024-06-11 00:46:36 INFO  TemperatureSystemLogger - Temperature system heated Sunflower at position (5, 3) by 56 degrees F.
2024-06-11 00:46:36 INFO  TemperatureSystemLogger - Temperature system heated Oak at position (5, 6) by 51 degrees F.
2024-06-11 00:46:56 INFO  TemperatureSystemLogger - API called temperature set to: 52
2024-06-11 00:46:56 INFO  TemperatureSystemLogger - Temperature system heated Oak at position (0, 1) by 13 degrees F.
2024-06-11 00:46:56 INFO  TemperatureSystemLogger - Temperature system heated Maple at position (0, 5) by 8 degrees F.
2024-06-11 00:46:56 INFO  TemperatureSystemLogger - Temperature system cooled Pine at position (0, 7) by 2 degrees F.
2024-06-11 00:46:56 INFO  TemperatureSystemLogger - Temperature system heated Lettuce at position (1, 0) by 8 degrees F.
2024-06-11 00:46:56 INFO  TemperatureSystemLogger - Temperature system heated Tomato at position (1, 6) by 23 degrees F.
2024-06-11 00:46:56 INFO  TemperatureSystemLogger - Temperature system heated Carrot at position (2, 2) by 8 degrees F.
2024-06-11 00:46:56 INFO  TemperatureSystemLogger - Temperature system heated Tomato at position (3, 0) by 23 degrees F.
2024-06-11 00:46:56 INFO  TemperatureSystemLogger - Temperature system heated Sunflower at position (3, 1) by 18 degrees F.
2024-06-11 00:46:56 INFO  TemperatureSystemLogger - Temperature system heated Rose at position (4, 4) by 13 degrees F.
2024-06-11 00:46:56 INFO  TemperatureSystemLogger - Temperature system heated Jasmine at position (4, 7) by 13 degrees F.
2024-06-11 00:46:56 INFO  TemperatureSystemLogger - Temperature system heated Sunflower at position (5, 3) by 18 degrees F.
2024-06-11 00:46:56 INFO  TemperatureSystemLogger - Temperature system heated Oak at position (5, 6) by 13 degrees F.
2024-06-11 00:46:56 INFO  TemperatureSystemLogger - All Levels are optimal
2024-06-11 00:47:16 INFO  TemperatureSystemLogger - API called temperature set to: 27
2024-06-11 00:47:16 INFO  TemperatureSystemLogger - Temperature system heated Oak at position (0, 1) by 38 degrees F.
2024-06-11 00:47:16 INFO  TemperatureSystemLogger - Temperature system heated Maple at position (0, 5) by 33 degrees F.
2024-06-11 00:47:16 INFO  TemperatureSystemLogger - Temperature system heated Pine at position (0, 7) by 23 degrees F.
2024-06-11 00:47:16 INFO  TemperatureSystemLogger - Temperature system heated Lettuce at position (1, 0) by 33 degrees F.
2024-06-11 00:47:16 INFO  TemperatureSystemLogger - Temperature system heated Tomato at position (1, 6) by 48 degrees F.
2024-06-11 00:47:16 INFO  TemperatureSystemLogger - Temperature system heated Carrot at position (2, 2) by 33 degrees F.
2024-06-11 00:47:16 INFO  TemperatureSystemLogger - Temperature system heated Tomato at position (3, 0) by 48 degrees F.
2024-06-11 00:47:16 INFO  TemperatureSystemLogger - Temperature system heated Sunflower at position (3, 1) by 43 degrees F.
2024-06-11 00:47:16 INFO  TemperatureSystemLogger - Temperature system heated Rose at position (4, 4) by 38 degrees F.
2024-06-11 00:47:16 INFO  TemperatureSystemLogger - Temperature system heated Jasmine at position (4, 7) by 38 degrees F.
2024-06-11 00:47:16 INFO  TemperatureSystemLogger - Temperature system heated Sunflower at position (5, 3) by 43 degrees F.
2024-06-11 00:47:16 INFO  TemperatureSystemLogger - Temperature system heated Oak at position (5, 6) by 38 degrees F.
2024-06-11 00:47:16 INFO  TemperatureSystemLogger - All Levels are optimal
2024-06-11 00:47:36 INFO  TemperatureSystemLogger - API called temperature set to: 67
2024-06-11 00:47:36 INFO  TemperatureSystemLogger - Temperature system cooled Oak at position (0, 1) by 2 degrees F.
2024-06-11 00:47:36 INFO  TemperatureSystemLogger - Temperature system cooled Maple at position (0, 5) by 7 degrees F.
2024-06-11 00:47:36 INFO  TemperatureSystemLogger - Temperature system cooled Pine at position (0, 7) by 17 degrees F.
2024-06-11 00:47:36 INFO  TemperatureSystemLogger - Temperature system cooled Lettuce at position (1, 0) by 7 degrees F.
2024-06-11 00:47:36 INFO  TemperatureSystemLogger - Temperature system heated Tomato at position (1, 6) by 8 degrees F.
2024-06-11 00:47:36 INFO  TemperatureSystemLogger - Temperature system cooled Carrot at position (2, 2) by 7 degrees F.
2024-06-11 00:47:36 INFO  TemperatureSystemLogger - Temperature system heated Tomato at position (3, 0) by 8 degrees F.
2024-06-11 00:47:36 INFO  TemperatureSystemLogger - Temperature system heated Sunflower at position (3, 1) by 3 degrees F.
2024-06-11 00:47:36 INFO  TemperatureSystemLogger - Temperature system cooled Rose at position (4, 4) by 2 degrees F.
2024-06-11 00:47:36 INFO  TemperatureSystemLogger - Temperature system cooled Jasmine at position (4, 7) by 2 degrees F.
2024-06-11 00:47:36 INFO  TemperatureSystemLogger - Temperature system heated Sunflower at position (5, 3) by 3 degrees F.
2024-06-11 00:47:36 INFO  TemperatureSystemLogger - Temperature system cooled Oak at position (5, 6) by 2 degrees F.
2024-06-11 00:47:36 INFO  TemperatureSystemLogger - All Levels are optimal
2024-06-11 00:47:56 INFO  TemperatureSystemLogger - API called temperature set to: 33
2024-06-11 00:47:56 INFO  TemperatureSystemLogger - Temperature system heated Oak at position (0, 1) by 32 degrees F.
2024-06-11 00:47:56 INFO  TemperatureSystemLogger - Temperature system heated Maple at position (0, 5) by 27 degrees F.
2024-06-11 00:47:56 INFO  TemperatureSystemLogger - Temperature system heated Pine at position (0, 7) by 17 degrees F.
2024-06-11 00:47:56 INFO  TemperatureSystemLogger - Temperature system heated Lettuce at position (1, 0) by 27 degrees F.
2024-06-11 00:47:56 INFO  TemperatureSystemLogger - Temperature system heated Tomato at position (1, 6) by 42 degrees F.
2024-06-11 00:47:56 INFO  TemperatureSystemLogger - Temperature system heated Carrot at position (2, 2) by 27 degrees F.
2024-06-11 00:47:56 INFO  TemperatureSystemLogger - Temperature system heated Tomato at position (3, 0) by 42 degrees F.
2024-06-11 00:47:56 INFO  TemperatureSystemLogger - Temperature system heated Sunflower at position (3, 1) by 37 degrees F.
2024-06-11 00:47:56 INFO  TemperatureSystemLogger - Temperature system heated Rose at position (4, 4) by 32 degrees F.
2024-06-11 00:47:56 INFO  TemperatureSystemLogger - Temperature system heated Jasmine at position (4, 7) by 32 degrees F.
2024-06-11 00:47:56 INFO  TemperatureSystemLogger - Temperature system heated Sunflower at position (5, 3) by 37 degrees F.
2024-06-11 00:47:56 INFO  TemperatureSystemLogger - Temperature system heated Oak at position (5, 6) by 32 degrees F.
2024-06-11 00:47:56 INFO  TemperatureSystemLogger - All Levels are optimal
2024-06-11 00:48:16 INFO  TemperatureSystemLogger - API called temperature set to: 40
2024-06-11 00:48:16 INFO  TemperatureSystemLogger - Temperature system heated Oak at position (0, 1) by 25 degrees F.
2024-06-11 00:48:16 INFO  TemperatureSystemLogger - Temperature system heated Maple at position (0, 5) by 20 degrees F.
2024-06-11 00:48:16 INFO  TemperatureSystemLogger - Temperature system heated Pine at position (0, 7) by 10 degrees F.
2024-06-11 00:48:16 INFO  TemperatureSystemLogger - Temperature system heated Lettuce at position (1, 0) by 20 degrees F.
2024-06-11 00:48:16 INFO  TemperatureSystemLogger - Temperature system heated Tomato at position (1, 6) by 35 degrees F.
2024-06-11 00:48:16 INFO  TemperatureSystemLogger - Temperature system heated Carrot at position (2, 2) by 20 degrees F.
2024-06-11 00:48:16 INFO  TemperatureSystemLogger - Temperature system heated Tomato at position (3, 0) by 35 degrees F.
2024-06-11 00:48:16 INFO  TemperatureSystemLogger - Temperature system heated Sunflower at position (3, 1) by 30 degrees F.
2024-06-11 00:48:16 INFO  TemperatureSystemLogger - Temperature system heated Rose at position (4, 4) by 25 degrees F.
2024-06-11 00:48:16 INFO  TemperatureSystemLogger - Temperature system heated Jasmine at position (4, 7) by 25 degrees F.
2024-06-11 00:48:16 INFO  TemperatureSystemLogger - Temperature system heated Sunflower at position (5, 3) by 30 degrees F.
2024-06-11 00:48:16 INFO  TemperatureSystemLogger - Temperature system heated Oak at position (5, 6) by 25 degrees F.
2024-06-11 00:48:16 INFO  TemperatureSystemLogger - All Levels are optimal
