2024-06-03 19:31:41 INFO  WateringSystemLogger - Scheduled sprinkling at 2024-06-03T19:31:41.623124
2024-06-03 19:31:41 INFO  WateringSystemLogger - Sprinklers activated!
2024-06-03 19:31:41 INFO  WateringSystemLogger - Sprinkled Carrot at position (0, 2) with 5 water from sprinklers
2024-06-03 19:31:41 INFO  WateringSystemLogger - Sprinkled Lily at position (2, 3) with 5 water from sprinklers
2024-06-03 19:31:41 INFO  WateringSystemLogger - Sprinkled Maple at position (3, 1) with 15 water from sprinklers
2024-06-03 19:31:41 INFO  WateringSystemLogger - Sprinkled 3 plants
2024-06-03 22:14:22 INFO  WateringSystemLogger - API called rain with amount: 5
2024-06-03 22:14:30 INFO  WateringSystemLogger - API called rain with amount: 3
2024-06-03 22:14:38 INFO  WateringSystemLogger - API called rain with amount: 4
2024-06-03 22:14:55 INFO  WateringSystemLogger - API called rain with amount: 6
2024-06-03 22:16:19 INFO  WateringSystemLogger - API called rain with amount: 4
2024-06-03 22:17:05 INFO  WateringSystemLogger - API called rain with amount: 6
2024-06-04 01:33:37 INFO  WateringSystemLogger - API called rain with amount: 6
2024-06-04 01:33:45 INFO  WateringSystemLogger - API called rain with amount: 1
2024-06-04 01:36:28 INFO  WateringSystemLogger - API called rain with amount: 2
2024-06-04 01:47:46 INFO  WateringSystemLogger - API called rain with amount: 2
2024-06-04 01:47:54 INFO  WateringSystemLogger - API called rain with amount: 0
2024-06-04 10:44:24 INFO  WateringSystemLogger - API called rain with amount: 2
2024-06-04 10:44:24 INFO  WateringSystemLogger - Watered Lily at position (1, 1) with 2 water from rain
2024-06-04 10:44:24 INFO  WateringSystemLogger - Watered Maple at position (3, 0) with 2 water from rain
2024-06-04 10:44:32 INFO  WateringSystemLogger - API called rain with amount: 2
2024-06-04 10:44:32 INFO  WateringSystemLogger - Watered Lily at position (1, 1) with 2 water from rain
2024-06-04 10:44:32 INFO  WateringSystemLogger - Watered Maple at position (3, 0) with 2 water from rain
2024-06-04 10:44:32 INFO  WateringSystemLogger - Watered Carrot at position (3, 2) with 2 water from rain
2024-06-04 10:44:40 INFO  WateringSystemLogger - API called rain with amount: 5
2024-06-04 10:44:40 INFO  WateringSystemLogger - Watered Lily at position (1, 1) with 5 water from rain
2024-06-04 10:44:40 INFO  WateringSystemLogger - Watered Maple at position (3, 0) with 5 water from rain
2024-06-04 10:44:40 INFO  WateringSystemLogger - Watered Carrot at position (3, 2) with 5 water from rain
2024-06-04 10:44:48 INFO  WateringSystemLogger - API called rain with amount: 6
2024-06-04 10:44:48 INFO  WateringSystemLogger - Watered Lily at position (1, 1) with 6 water from rain
2024-06-04 10:44:48 INFO  WateringSystemLogger - Watered Maple at position (3, 0) with 6 water from rain
2024-06-04 10:44:48 INFO  WateringSystemLogger - Watered Carrot at position (3, 2) with 6 water from rain
2024-06-04 11:18:03 INFO  WateringSystemLogger - API called rain with amount: 5
2024-06-04 11:30:26 INFO  WateringSystemLogger - API called rain with amount: 9
2024-06-04 11:30:34 INFO  WateringSystemLogger - API called rain with amount: 1
2024-06-04 11:30:42 INFO  WateringSystemLogger - API called rain with amount: 5
2024-06-04 11:31:18 INFO  WateringSystemLogger - API called rain with amount: 6
2024-06-04 11:31:26 INFO  WateringSystemLogger - API called rain with amount: 9
2024-06-04 11:31:38 INFO  WateringSystemLogger - API called rain with amount: 5
2024-06-04 11:31:46 INFO  WateringSystemLogger - API called rain with amount: 4
2024-06-04 11:31:54 INFO  WateringSystemLogger - API called rain with amount: 0
2024-06-04 11:32:09 INFO  WateringSystemLogger - API called rain with amount: 0
2024-06-04 11:32:17 INFO  WateringSystemLogger - API called rain with amount: 7
2024-06-04 11:32:17 INFO  WateringSystemLogger - Watered Maple at position (2, 0) with 7 water from rain
2024-06-04 11:32:25 INFO  WateringSystemLogger - API called rain with amount: 8
2024-06-04 11:32:25 INFO  WateringSystemLogger - Watered Rose at position (0, 3) with 8 water from rain
2024-06-04 11:32:25 INFO  WateringSystemLogger - Watered Sunflower at position (1, 1) with 8 water from rain
2024-06-04 11:32:25 INFO  WateringSystemLogger - Watered Carrot at position (1, 2) with 8 water from rain
2024-06-04 11:32:25 INFO  WateringSystemLogger - Watered Maple at position (2, 0) with 8 water from rain
2024-06-04 11:32:25 INFO  WateringSystemLogger - Watered Carrot at position (2, 3) with 8 water from rain
2024-06-04 11:32:33 INFO  WateringSystemLogger - API called rain with amount: 0
2024-06-04 11:32:33 INFO  WateringSystemLogger - Watered Rose at position (0, 3) with 0 water from rain
2024-06-04 11:32:33 INFO  WateringSystemLogger - Watered Sunflower at position (1, 1) with 0 water from rain
2024-06-04 11:32:33 INFO  WateringSystemLogger - Watered Carrot at position (1, 2) with 0 water from rain
2024-06-04 11:32:33 INFO  WateringSystemLogger - Watered Maple at position (2, 0) with 0 water from rain
2024-06-04 11:32:33 INFO  WateringSystemLogger - Watered Carrot at position (2, 3) with 0 water from rain
2024-06-04 11:37:07 INFO  WateringSystemLogger - API called rain with amount: 9
2024-06-04 11:37:15 INFO  WateringSystemLogger - API called rain with amount: 5
2024-06-04 11:37:15 INFO  WateringSystemLogger - Watered Lily at position (1, 3) with 5 water from rain
2024-06-04 11:37:15 INFO  WateringSystemLogger - Watered Carrot at position (2, 3) with 5 water from rain
